{"/Users/danielzautner/lamb/src/utils.js":{"path":"/Users/danielzautner/lamb/src/utils.js","s":{"1":1,"2":1,"3":1,"4":1,"5":1,"6":1,"7":1,"8":1,"9":2,"10":1,"11":166,"12":166,"13":1,"14":166,"15":166,"16":166,"17":0,"18":166},"b":{"1":[0,2],"2":[2,2],"3":[0,166]},"f":{"1":2},"fnMap":{"1":{"name":"_interopRequireDefault","line":0,"loc":{"start":{"line":0,"column":0},"end":{"line":0,"column":0}},"skip":true}},"statementMap":{"1":{"start":{"line":0,"column":0},"end":{"line":0,"column":0},"skip":true},"2":{"start":{"line":0,"column":0},"end":{"line":0,"column":0},"skip":true},"3":{"start":{"line":1,"column":0},"end":{"line":null,"column":null}},"4":{"start":{"line":0,"column":0},"end":{"line":0,"column":0},"skip":true},"5":{"start":{"line":2,"column":0},"end":{"line":null,"column":null}},"6":{"start":{"line":0,"column":0},"end":{"line":0,"column":0},"skip":true},"7":{"start":{"line":3,"column":0},"end":{"line":null,"column":null}},"8":{"start":{"line":0,"column":0},"end":{"line":0,"column":0},"skip":true},"9":{"start":{"line":0,"column":0},"end":{"line":0,"column":0},"skip":true},"10":{"start":{"line":5,"column":7},"end":{"line":null,"column":null}},"11":{"start":{"line":6,"column":8},"end":{"line":null,"column":null}},"12":{"start":{"line":7,"column":9},"end":{"line":null,"column":null}},"13":{"start":{"line":10,"column":7},"end":{"line":null,"column":null}},"14":{"start":{"line":11,"column":9},"end":{"line":null,"column":null}},"15":{"start":{"line":12,"column":7},"end":{"line":null,"column":null}},"16":{"start":{"line":13,"column":10},"end":{"line":null,"column":null}},"17":{"start":{"line":14,"column":15},"end":{"line":null,"column":null}},"18":{"start":{"line":16,"column":14},"end":{"line":null,"column":null}}},"branchMap":{"1":{"line":0,"type":"cond-expr","locations":[{"start":{"line":0,"column":0},"end":{"line":0,"column":0},"skip":true},{"start":{"line":0,"column":0},"end":{"line":0,"column":0},"skip":true}]},"2":{"line":0,"type":"binary-expr","locations":[{"start":{"line":0,"column":0},"end":{"line":0,"column":0},"skip":true},{"start":{"line":0,"column":0},"end":{"line":0,"column":0},"skip":true}]},"3":{"line":13,"type":"if","locations":[{"start":{"line":13,"column":10},"end":{"line":13,"column":10}},{"start":{"line":13,"column":10},"end":{"line":13,"column":10}}]}}},"/Users/danielzautner/lamb/src/errors.js":{"path":"/Users/danielzautner/lamb/src/errors.js","s":{"1":1,"2":1,"3":1,"4":1,"5":1,"6":1,"7":1,"8":0,"9":1,"10":0,"11":1,"12":0,"13":1,"14":0,"15":0},"b":{"1":[0,1],"2":[1,1]},"f":{"1":1},"fnMap":{"1":{"name":"_interopRequireDefault","line":0,"loc":{"start":{"line":0,"column":0},"end":{"line":0,"column":0}},"skip":true}},"statementMap":{"1":{"start":{"line":0,"column":0},"end":{"line":0,"column":0},"skip":true},"2":{"start":{"line":0,"column":0},"end":{"line":0,"column":0},"skip":true},"3":{"start":{"line":1,"column":0},"end":{"line":null,"column":null}},"4":{"start":{"line":0,"column":0},"end":{"line":0,"column":0},"skip":true},"5":{"start":{"line":0,"column":0},"end":{"line":0,"column":0},"skip":true},"6":{"start":{"line":0,"column":0},"end":{"line":0,"column":0},"skip":true},"7":{"start":{"line":3,"column":7},"end":{"line":null,"column":null}},"8":{"start":{"line":4,"column":13},"end":{"line":null,"column":null}},"9":{"start":{"line":11,"column":7},"end":{"line":null,"column":null}},"10":{"start":{"line":12,"column":13},"end":{"line":null,"column":null}},"11":{"start":{"line":20,"column":7},"end":{"line":null,"column":null}},"12":{"start":{"line":21,"column":13},"end":{"line":null,"column":null}},"13":{"start":{"line":28,"column":0},"end":{"line":null,"column":null}},"14":{"start":{"line":29,"column":8},"end":{"line":null,"column":null}},"15":{"start":{"line":36,"column":8},"end":{"line":null,"column":null}}},"branchMap":{"1":{"line":0,"type":"cond-expr","locations":[{"start":{"line":0,"column":0},"end":{"line":0,"column":0},"skip":true},{"start":{"line":0,"column":0},"end":{"line":0,"column":0},"skip":true}]},"2":{"line":0,"type":"binary-expr","locations":[{"start":{"line":0,"column":0},"end":{"line":0,"column":0},"skip":true},{"start":{"line":0,"column":0},"end":{"line":0,"column":0},"skip":true}]}}},"/Users/danielzautner/lamb/src/lexer.js":{"path":"/Users/danielzautner/lamb/src/lexer.js","s":{"1":1,"2":1,"3":1,"4":166,"5":1,"6":83,"7":83,"8":1,"9":83,"10":1,"11":83,"12":83,"13":83,"14":1,"15":83,"16":1,"17":83,"18":111500,"19":1,"20":16554,"21":16554,"22":1863,"23":14691,"24":335,"25":168,"26":84,"27":89,"28":89,"29":90,"30":170,"31":170,"32":417,"33":86,"34":346,"35":261,"36":92,"37":674,"38":92,"39":92,"40":11436,"41":1,"42":51240,"43":0,"44":13639,"45":13639,"46":4577,"47":2831,"48":0,"49":16554,"50":1,"51":83,"52":83},"b":{"1":[1863,14691],"2":[335,168,84,89,89,90,170,170,417,86,346,261,92,674,92,92,11436],"3":[0,13639,13639,4577,2831,0,16554]},"f":{},"fnMap":{},"statementMap":{"1":{"start":{"line":0,"column":0},"end":{"line":0,"column":0},"skip":true},"2":{"start":{"line":12,"column":0},"end":{"line":null,"column":null}},"3":{"start":{"line":21,"column":0},"end":{"line":null,"column":null}},"4":{"start":{"line":22,"column":9},"end":{"line":null,"column":null}},"5":{"start":{"line":25,"column":0},"end":{"line":null,"column":null}},"6":{"start":{"line":26,"column":8},"end":{"line":null,"column":null}},"7":{"start":{"line":27,"column":9},"end":{"line":null,"column":null}},"8":{"start":{"line":30,"column":0},"end":{"line":null,"column":null}},"9":{"start":{"line":30,"column":21},"end":{"line":30,"column":0}},"10":{"start":{"line":32,"column":0},"end":{"line":null,"column":null}},"11":{"start":{"line":33,"column":8},"end":{"line":null,"column":null}},"12":{"start":{"line":34,"column":8},"end":{"line":null,"column":null}},"13":{"start":{"line":35,"column":9},"end":{"line":null,"column":null}},"14":{"start":{"line":38,"column":0},"end":{"line":null,"column":null}},"15":{"start":{"line":38,"column":40},"end":{"line":38,"column":0}},"16":{"start":{"line":40,"column":0},"end":{"line":null,"column":null}},"17":{"start":{"line":40,"column":47},"end":{"line":40,"column":0}},"18":{"start":{"line":40,"column":67},"end":{"line":40,"column":47}},"19":{"start":{"line":42,"column":0},"end":{"line":null,"column":null}},"20":{"start":{"line":44,"column":8},"end":{"line":null,"column":null}},"21":{"start":{"line":45,"column":6},"end":{"line":null,"column":null}},"22":{"start":{"line":46,"column":12},"end":{"line":null,"column":null}},"23":{"start":{"line":48,"column":10},"end":{"line":null,"column":null}},"24":{"start":{"line":49,"column":19},"end":{"line":null,"column":null}},"25":{"start":{"line":50,"column":19},"end":{"line":null,"column":null}},"26":{"start":{"line":51,"column":19},"end":{"line":null,"column":null}},"27":{"start":{"line":52,"column":19},"end":{"line":null,"column":null}},"28":{"start":{"line":53,"column":19},"end":{"line":null,"column":null}},"29":{"start":{"line":54,"column":19},"end":{"line":null,"column":null}},"30":{"start":{"line":55,"column":19},"end":{"line":null,"column":null}},"31":{"start":{"line":56,"column":19},"end":{"line":null,"column":null}},"32":{"start":{"line":57,"column":19},"end":{"line":null,"column":null}},"33":{"start":{"line":58,"column":20},"end":{"line":null,"column":null}},"34":{"start":{"line":59,"column":22},"end":{"line":null,"column":null}},"35":{"start":{"line":60,"column":23},"end":{"line":null,"column":null}},"36":{"start":{"line":61,"column":19},"end":{"line":null,"column":null}},"37":{"start":{"line":62,"column":19},"end":{"line":null,"column":null}},"38":{"start":{"line":63,"column":19},"end":{"line":null,"column":null}},"39":{"start":{"line":64,"column":19},"end":{"line":null,"column":null}},"40":{"start":{"line":65,"column":19},"end":{"line":null,"column":null}},"41":{"start":{"line":69,"column":0},"end":{"line":null,"column":null}},"42":{"start":{"line":70,"column":10},"end":{"line":null,"column":null}},"43":{"start":{"line":72,"column":11},"end":{"line":null,"column":null}},"44":{"start":{"line":74,"column":11},"end":{"line":null,"column":null}},"45":{"start":{"line":76,"column":11},"end":{"line":null,"column":null}},"46":{"start":{"line":78,"column":11},"end":{"line":null,"column":null}},"47":{"start":{"line":80,"column":11},"end":{"line":null,"column":null}},"48":{"start":{"line":82,"column":11},"end":{"line":null,"column":null}},"49":{"start":{"line":84,"column":11},"end":{"line":null,"column":null}},"50":{"start":{"line":88,"column":16},"end":{"line":null,"column":null}},"51":{"start":{"line":89,"column":8},"end":{"line":null,"column":null}},"52":{"start":{"line":90,"column":9},"end":{"line":null,"column":null}}},"branchMap":{"1":{"line":45,"type":"if","locations":[{"start":{"line":45,"column":6},"end":{"line":45,"column":6}},{"start":{"line":45,"column":6},"end":{"line":45,"column":6}}]},"2":{"line":49,"type":"switch","locations":[{"start":{"line":49,"column":7},"end":{"line":null,"column":null}},{"start":{"line":50,"column":7},"end":{"line":null,"column":null}},{"start":{"line":51,"column":7},"end":{"line":null,"column":null}},{"start":{"line":52,"column":7},"end":{"line":null,"column":null}},{"start":{"line":53,"column":7},"end":{"line":null,"column":null}},{"start":{"line":54,"column":7},"end":{"line":null,"column":null}},{"start":{"line":55,"column":7},"end":{"line":null,"column":null}},{"start":{"line":56,"column":7},"end":{"line":null,"column":null}},{"start":{"line":57,"column":7},"end":{"line":null,"column":null}},{"start":{"line":58,"column":7},"end":{"line":null,"column":null}},{"start":{"line":59,"column":7},"end":{"line":null,"column":null}},{"start":{"line":60,"column":7},"end":{"line":null,"column":null}},{"start":{"line":61,"column":7},"end":{"line":null,"column":null}},{"start":{"line":62,"column":7},"end":{"line":null,"column":null}},{"start":{"line":63,"column":7},"end":{"line":null,"column":null}},{"start":{"line":64,"column":7},"end":{"line":null,"column":null}},{"start":{"line":0,"column":0},"end":{"line":0,"column":0},"skip":true}]},"3":{"line":71,"type":"switch","locations":[{"start":{"line":71,"column":7},"end":{"line":null,"column":null}},{"start":{"line":73,"column":7},"end":{"line":null,"column":null}},{"start":{"line":75,"column":7},"end":{"line":null,"column":null}},{"start":{"line":77,"column":7},"end":{"line":null,"column":null}},{"start":{"line":79,"column":7},"end":{"line":null,"column":null}},{"start":{"line":81,"column":7},"end":{"line":null,"column":null}},{"start":{"line":0,"column":0},"end":{"line":0,"column":0},"skip":true}]}}},"/Users/danielzautner/lamb/src/parser.js":{"path":"/Users/danielzautner/lamb/src/parser.js","s":{"1":1,"2":1,"3":0,"4":0,"5":0,"6":0,"7":0,"8":0,"9":1,"10":83,"11":83,"12":83,"13":22785,"14":78420,"15":83,"16":22785,"17":83,"18":13639,"19":83,"20":13639,"21":83,"22":83,"23":36424,"24":36424,"25":36424,"26":13639,"27":2831,"28":2831,"29":10808,"30":4577,"31":4577,"32":6231,"33":6231,"34":13639,"35":13639,"36":9146,"37":36424,"38":83},"b":{"1":[1,0],"2":[0,0],"3":[13639,13639,9146],"4":[2831,10808],"5":[4577,6231]},"f":{"1":0},"fnMap":{"1":{"name":"(anonymous_1)","line":0,"loc":{"start":{"line":0,"column":0},"end":{"line":0,"column":0}},"skip":true}},"statementMap":{"1":{"start":{"line":0,"column":0},"end":{"line":0,"column":0},"skip":true},"2":{"start":{"line":0,"column":0},"end":{"line":0,"column":0},"skip":true},"3":{"start":{"line":0,"column":0},"end":{"line":0,"column":0},"skip":true},"4":{"start":{"line":0,"column":0},"end":{"line":0,"column":0},"skip":true},"5":{"start":{"line":0,"column":0},"end":{"line":0,"column":0},"skip":true},"6":{"start":{"line":0,"column":0},"end":{"line":0,"column":0},"skip":true},"7":{"start":{"line":0,"column":0},"end":{"line":0,"column":0},"skip":true},"8":{"start":{"line":0,"column":0},"end":{"line":0,"column":0},"skip":true},"9":{"start":{"line":16,"column":16},"end":{"line":null,"column":null}},"10":{"start":{"line":17,"column":8},"end":{"line":null,"column":null}},"11":{"start":{"line":21,"column":8},"end":{"line":null,"column":null}},"12":{"start":{"line":22,"column":8},"end":{"line":null,"column":null}},"13":{"start":{"line":22,"column":31},"end":{"line":22,"column":2}},"14":{"start":{"line":22,"column":66},"end":{"line":22,"column":31}},"15":{"start":{"line":23,"column":8},"end":{"line":null,"column":null}},"16":{"start":{"line":23,"column":36},"end":{"line":23,"column":2}},"17":{"start":{"line":28,"column":8},"end":{"line":null,"column":null}},"18":{"start":{"line":28,"column":36},"end":{"line":28,"column":2}},"19":{"start":{"line":29,"column":8},"end":{"line":null,"column":null}},"20":{"start":{"line":29,"column":33},"end":{"line":29,"column":2}},"21":{"start":{"line":30,"column":6},"end":{"line":null,"column":null}},"22":{"start":{"line":31,"column":9},"end":{"line":null,"column":null}},"23":{"start":{"line":32,"column":10},"end":{"line":null,"column":null}},"24":{"start":{"line":33,"column":10},"end":{"line":null,"column":null}},"25":{"start":{"line":34,"column":12},"end":{"line":null,"column":null}},"26":{"start":{"line":36,"column":10},"end":{"line":null,"column":null}},"27":{"start":{"line":38,"column":14},"end":{"line":null,"column":null}},"28":{"start":{"line":0,"column":0},"end":{"line":0,"column":0},"skip":true},"29":{"start":{"line":43,"column":10},"end":{"line":null,"column":null}},"30":{"start":{"line":45,"column":14},"end":{"line":null,"column":null}},"31":{"start":{"line":0,"column":0},"end":{"line":0,"column":0},"skip":true},"32":{"start":{"line":50,"column":25},"end":{"line":null,"column":null}},"33":{"start":{"line":0,"column":0},"end":{"line":0,"column":0},"skip":true},"34":{"start":{"line":53,"column":43},"end":{"line":53,"column":43}},"35":{"start":{"line":53,"column":43},"end":{"line":null,"column":null}},"36":{"start":{"line":54,"column":30},"end":{"line":null,"column":null}},"37":{"start":{"line":0,"column":0},"end":{"line":0,"column":0},"skip":true},"38":{"start":{"line":58,"column":9},"end":{"line":null,"column":null}}},"branchMap":{"1":{"line":0,"type":"binary-expr","locations":[{"start":{"line":0,"column":0},"end":{"line":0,"column":0},"skip":true},{"start":{"line":0,"column":0},"end":{"line":0,"column":0},"skip":true}]},"2":{"line":0,"type":"if","locations":[{"start":{"line":0,"column":0},"end":{"line":0,"column":0},"skip":true},{"start":{"line":0,"column":0},"end":{"line":0,"column":0},"skip":true}]},"3":{"line":35,"type":"switch","locations":[{"start":{"line":35,"column":9},"end":{"line":null,"column":null}},{"start":{"line":53,"column":9},"end":{"line":null,"column":null}},{"start":{"line":0,"column":0},"end":{"line":0,"column":0},"skip":true}]},"4":{"line":36,"type":"if","locations":[{"start":{"line":36,"column":10},"end":{"line":36,"column":10}},{"start":{"line":36,"column":10},"end":{"line":36,"column":10}}]},"5":{"line":43,"type":"if","locations":[{"start":{"line":43,"column":10},"end":{"line":43,"column":10}},{"start":{"line":43,"column":10},"end":{"line":43,"column":10}}]}}},"/Users/danielzautner/lamb/src/compiler.js":{"path":"/Users/danielzautner/lamb/src/compiler.js","s":{"1":1,"2":1,"3":1,"4":1,"5":12462,"6":1,"7":6231,"8":1,"9":22868,"10":83,"11":2831,"12":4577,"13":9146,"14":6231,"15":0,"16":6231,"17":6148,"18":0,"19":6148,"20":6148,"21":6148,"22":83,"23":1,"24":1,"25":0,"26":0,"27":0,"28":0,"29":0,"30":0,"31":0,"32":0,"33":0,"34":0,"35":0,"36":0,"37":0,"38":0,"39":0,"40":1,"41":1,"42":0,"43":0,"44":0,"45":0,"46":0,"47":0,"48":0,"49":0,"50":0,"51":0,"52":0,"53":0,"54":0,"55":0,"56":0},"b":{"1":[6231,6231],"2":[83,2831,4577,9146,6231],"3":[0,6231],"4":[6148,83],"5":[0,6148],"6":[0,0,0,0,0],"7":[0,0],"8":[0,0],"9":[0,0],"10":[0,0],"11":[0,0,0,0,0],"12":[0,0],"13":[0,0],"14":[0,0],"15":[0,0]},"f":{},"fnMap":{},"statementMap":{"1":{"start":{"line":0,"column":0},"end":{"line":0,"column":0},"skip":true},"2":{"start":{"line":0,"column":0},"end":{"line":0,"column":0},"skip":true},"3":{"start":{"line":4,"column":0},"end":{"line":null,"column":null}},"4":{"start":{"line":9,"column":0},"end":{"line":null,"column":null}},"5":{"start":{"line":10,"column":29},"end":{"line":9,"column":0}},"6":{"start":{"line":12,"column":0},"end":{"line":null,"column":null}},"7":{"start":{"line":13,"column":30},"end":{"line":12,"column":0}},"8":{"start":{"line":15,"column":7},"end":{"line":null,"column":null}},"9":{"start":{"line":16,"column":10},"end":{"line":null,"column":null}},"10":{"start":{"line":18,"column":11},"end":{"line":null,"column":null}},"11":{"start":{"line":20,"column":12},"end":{"line":null,"column":null}},"12":{"start":{"line":22,"column":12},"end":{"line":null,"column":null}},"13":{"start":{"line":24,"column":11},"end":{"line":null,"column":null}},"14":{"start":{"line":26,"column":8},"end":{"line":null,"column":null}},"15":{"start":{"line":0,"column":0},"end":{"line":0,"column":0},"skip":true},"16":{"start":{"line":29,"column":8},"end":{"line":null,"column":null}},"17":{"start":{"line":30,"column":10},"end":{"line":null,"column":null}},"18":{"start":{"line":0,"column":0},"end":{"line":0,"column":0},"skip":true},"19":{"start":{"line":33,"column":12},"end":{"line":null,"column":null}},"20":{"start":{"line":34,"column":12},"end":{"line":null,"column":null}},"21":{"start":{"line":35,"column":14},"end":{"line":null,"column":null}},"22":{"start":{"line":37,"column":11},"end":{"line":null,"column":null}},"23":{"start":{"line":41,"column":0},"end":{"line":null,"column":null}},"24":{"start":{"line":42,"column":7},"end":{"line":null,"column":null}},"25":{"start":{"line":43,"column":10},"end":{"line":null,"column":null}},"26":{"start":{"line":45,"column":11},"end":{"line":null,"column":null}},"27":{"start":{"line":47,"column":11},"end":{"line":null,"column":null}},"28":{"start":{"line":0,"column":0},"end":{"line":0,"column":0},"skip":true},"29":{"start":{"line":50,"column":12},"end":{"line":null,"column":null}},"30":{"start":{"line":52,"column":11},"end":{"line":null,"column":null}},"31":{"start":{"line":54,"column":8},"end":{"line":null,"column":null}},"32":{"start":{"line":0,"column":0},"end":{"line":0,"column":0},"skip":true},"33":{"start":{"line":57,"column":8},"end":{"line":null,"column":null}},"34":{"start":{"line":58,"column":10},"end":{"line":null,"column":null}},"35":{"start":{"line":0,"column":0},"end":{"line":0,"column":0},"skip":true},"36":{"start":{"line":61,"column":12},"end":{"line":null,"column":null}},"37":{"start":{"line":62,"column":12},"end":{"line":null,"column":null}},"38":{"start":{"line":63,"column":14},"end":{"line":null,"column":null}},"39":{"start":{"line":65,"column":11},"end":{"line":null,"column":null}},"40":{"start":{"line":69,"column":0},"end":{"line":null,"column":null}},"41":{"start":{"line":70,"column":7},"end":{"line":null,"column":null}},"42":{"start":{"line":71,"column":10},"end":{"line":null,"column":null}},"43":{"start":{"line":73,"column":11},"end":{"line":null,"column":null}},"44":{"start":{"line":75,"column":17},"end":{"line":null,"column":null}},"45":{"start":{"line":0,"column":0},"end":{"line":0,"column":0},"skip":true},"46":{"start":{"line":78,"column":12},"end":{"line":null,"column":null}},"47":{"start":{"line":80,"column":11},"end":{"line":null,"column":null}},"48":{"start":{"line":82,"column":8},"end":{"line":null,"column":null}},"49":{"start":{"line":0,"column":0},"end":{"line":0,"column":0},"skip":true},"50":{"start":{"line":85,"column":8},"end":{"line":null,"column":null}},"51":{"start":{"line":86,"column":10},"end":{"line":null,"column":null}},"52":{"start":{"line":0,"column":0},"end":{"line":0,"column":0},"skip":true},"53":{"start":{"line":89,"column":12},"end":{"line":null,"column":null}},"54":{"start":{"line":90,"column":12},"end":{"line":null,"column":null}},"55":{"start":{"line":91,"column":14},"end":{"line":null,"column":null}},"56":{"start":{"line":93,"column":11},"end":{"line":null,"column":null}}},"branchMap":{"1":{"line":13,"type":"binary-expr","locations":[{"start":{"line":13,"column":30},"end":{"line":13,"column":30}},{"start":{"line":13,"column":68},"end":{"line":12,"column":0}}]},"2":{"line":17,"type":"switch","locations":[{"start":{"line":17,"column":7},"end":{"line":null,"column":null}},{"start":{"line":19,"column":7},"end":{"line":null,"column":null}},{"start":{"line":21,"column":7},"end":{"line":null,"column":null}},{"start":{"line":23,"column":7},"end":{"line":null,"column":null}},{"start":{"line":25,"column":7},"end":{"line":null,"column":null}}]},"3":{"line":26,"type":"if","locations":[{"start":{"line":26,"column":8},"end":{"line":26,"column":8}},{"start":{"line":26,"column":8},"end":{"line":26,"column":8}}]},"4":{"line":29,"type":"if","locations":[{"start":{"line":29,"column":8},"end":{"line":29,"column":8}},{"start":{"line":29,"column":8},"end":{"line":29,"column":8}}]},"5":{"line":30,"type":"if","locations":[{"start":{"line":30,"column":10},"end":{"line":30,"column":10}},{"start":{"line":30,"column":10},"end":{"line":30,"column":10}}]},"6":{"line":44,"type":"switch","locations":[{"start":{"line":44,"column":7},"end":{"line":null,"column":null}},{"start":{"line":46,"column":7},"end":{"line":null,"column":null}},{"start":{"line":49,"column":7},"end":{"line":null,"column":null}},{"start":{"line":51,"column":7},"end":{"line":null,"column":null}},{"start":{"line":53,"column":7},"end":{"line":null,"column":null}}]},"7":{"line":52,"type":"binary-expr","locations":[{"start":{"line":52,"column":11},"end":{"line":52,"column":37}},{"start":{"line":52,"column":37},"end":{"line":52,"column":4}}]},"8":{"line":54,"type":"if","locations":[{"start":{"line":54,"column":8},"end":{"line":54,"column":8}},{"start":{"line":54,"column":8},"end":{"line":54,"column":8}}]},"9":{"line":57,"type":"if","locations":[{"start":{"line":57,"column":8},"end":{"line":57,"column":8}},{"start":{"line":57,"column":8},"end":{"line":57,"column":8}}]},"10":{"line":58,"type":"if","locations":[{"start":{"line":58,"column":10},"end":{"line":58,"column":10}},{"start":{"line":58,"column":10},"end":{"line":58,"column":10}}]},"11":{"line":72,"type":"switch","locations":[{"start":{"line":72,"column":7},"end":{"line":null,"column":null}},{"start":{"line":74,"column":7},"end":{"line":null,"column":null}},{"start":{"line":77,"column":7},"end":{"line":null,"column":null}},{"start":{"line":79,"column":7},"end":{"line":null,"column":null}},{"start":{"line":81,"column":7},"end":{"line":null,"column":null}}]},"12":{"line":80,"type":"binary-expr","locations":[{"start":{"line":80,"column":11},"end":{"line":80,"column":43}},{"start":{"line":80,"column":43},"end":{"line":80,"column":4}}]},"13":{"line":82,"type":"if","locations":[{"start":{"line":82,"column":8},"end":{"line":82,"column":8}},{"start":{"line":82,"column":8},"end":{"line":82,"column":8}}]},"14":{"line":85,"type":"if","locations":[{"start":{"line":85,"column":8},"end":{"line":85,"column":8}},{"start":{"line":85,"column":8},"end":{"line":85,"column":8}}]},"15":{"line":86,"type":"if","locations":[{"start":{"line":86,"column":10},"end":{"line":86,"column":10}},{"start":{"line":86,"column":10},"end":{"line":86,"column":10}}]}}}}