TN:
SF:/Users/danielzautner/lamb/src/utils.js
FNF:0
FNH:0
DA:1,1
DA:2,1
DA:3,1
DA:5,1
DA:6,166
DA:7,166
DA:10,1
DA:11,166
DA:12,166
DA:13,166
DA:14,0
DA:16,166
LF:12
LH:11
BRDA:13,3,0,0
BRDA:13,3,1,166
BRF:2
BRH:1
end_of_record
TN:
SF:/Users/danielzautner/lamb/src/errors.js
FNF:0
FNH:0
DA:1,1
DA:3,1
DA:4,0
DA:11,1
DA:12,0
DA:20,1
DA:21,0
DA:28,1
DA:29,0
DA:36,0
LF:10
LH:5
BRF:0
BRH:0
end_of_record
TN:
SF:/Users/danielzautner/lamb/src/lexer.js
FNF:0
FNH:0
DA:12,1
DA:21,1
DA:22,166
DA:25,1
DA:26,83
DA:27,83
DA:30,83
DA:32,1
DA:33,83
DA:34,83
DA:35,83
DA:38,83
DA:40,111500
DA:42,1
DA:44,16554
DA:45,16554
DA:46,1863
DA:48,14691
DA:49,335
DA:50,168
DA:51,84
DA:52,89
DA:53,89
DA:54,90
DA:55,170
DA:56,170
DA:57,417
DA:58,86
DA:59,346
DA:60,261
DA:61,92
DA:62,674
DA:63,92
DA:64,92
DA:65,11436
DA:69,1
DA:70,51240
DA:72,0
DA:74,13639
DA:76,13639
DA:78,4577
DA:80,2831
DA:82,0
DA:84,16554
DA:88,1
DA:89,83
DA:90,83
LF:47
LH:45
BRDA:45,1,0,1863
BRDA:45,1,1,14691
BRDA:49,2,0,335
BRDA:49,2,1,168
BRDA:49,2,2,84
BRDA:49,2,3,89
BRDA:49,2,4,89
BRDA:49,2,5,90
BRDA:49,2,6,170
BRDA:49,2,7,170
BRDA:49,2,8,417
BRDA:49,2,9,86
BRDA:49,2,10,346
BRDA:49,2,11,261
BRDA:49,2,12,92
BRDA:49,2,13,674
BRDA:49,2,14,92
BRDA:49,2,15,92
BRDA:49,2,16,11436
BRDA:71,3,0,0
BRDA:71,3,1,13639
BRDA:71,3,2,13639
BRDA:71,3,3,4577
BRDA:71,3,4,2831
BRDA:71,3,5,0
BRDA:71,3,6,16554
BRF:26
BRH:24
end_of_record
TN:
SF:/Users/danielzautner/lamb/src/parser.js
FNF:0
FNH:0
DA:16,1
DA:17,83
DA:21,83
DA:22,78420
DA:23,22785
DA:28,13639
DA:29,13639
DA:30,83
DA:31,83
DA:32,36424
DA:33,36424
DA:34,36424
DA:36,13639
DA:38,2831
DA:43,10808
DA:45,4577
DA:50,6231
DA:53,13639
DA:54,9146
DA:58,83
LF:20
LH:20
BRDA:35,3,0,13639
BRDA:35,3,1,13639
BRDA:35,3,2,9146
BRDA:36,4,0,2831
BRDA:36,4,1,10808
BRDA:43,5,0,4577
BRDA:43,5,1,6231
BRF:7
BRH:7
end_of_record
TN:
SF:/Users/danielzautner/lamb/src/compiler.js
FNF:0
FNH:0
DA:4,1
DA:9,1
DA:10,12462
DA:12,1
DA:13,6231
DA:15,1
DA:16,22868
DA:18,83
DA:20,2831
DA:22,4577
DA:24,9146
DA:26,6231
DA:29,6231
DA:30,6148
DA:33,6148
DA:34,6148
DA:35,6148
DA:37,83
DA:41,1
DA:42,1
DA:43,0
DA:45,0
DA:47,0
DA:50,0
DA:52,0
DA:54,0
DA:57,0
DA:58,0
DA:61,0
DA:62,0
DA:63,0
DA:65,0
DA:69,1
DA:70,1
DA:71,0
DA:73,0
DA:75,0
DA:78,0
DA:80,0
DA:82,0
DA:85,0
DA:86,0
DA:89,0
DA:90,0
DA:91,0
DA:93,0
LF:46
LH:22
BRDA:13,1,0,6231
BRDA:13,1,1,6231
BRDA:17,2,0,83
BRDA:17,2,1,2831
BRDA:17,2,2,4577
BRDA:17,2,3,9146
BRDA:17,2,4,6231
BRDA:26,3,0,0
BRDA:26,3,1,6231
BRDA:29,4,0,6148
BRDA:29,4,1,83
BRDA:30,5,0,0
BRDA:30,5,1,6148
BRDA:44,6,0,0
BRDA:44,6,1,0
BRDA:44,6,2,0
BRDA:44,6,3,0
BRDA:44,6,4,0
BRDA:52,7,0,0
BRDA:52,7,1,0
BRDA:54,8,0,0
BRDA:54,8,1,0
BRDA:57,9,0,0
BRDA:57,9,1,0
BRDA:58,10,0,0
BRDA:58,10,1,0
BRDA:72,11,0,0
BRDA:72,11,1,0
BRDA:72,11,2,0
BRDA:72,11,3,0
BRDA:72,11,4,0
BRDA:80,12,0,0
BRDA:80,12,1,0
BRDA:82,13,0,0
BRDA:82,13,1,0
BRDA:85,14,0,0
BRDA:85,14,1,0
BRDA:86,15,0,0
BRDA:86,15,1,0
BRF:39
BRH:11
end_of_record
